<?xml version="1.0" encoding="UTF-8"?>
<!-- Generated by org.testng.reporters.JUnitXMLReporter -->
<testsuite ignored="3" hostname="DESKTOP-O1O9U63" failures="0" tests="3" name="Test" time="0.115" errors="0" timestamp="2023-03-23T12:05:50 IST">
  <testcase classname="com.actitime.testscript.CustomerModule" name="createCustomer" time="0.019"/>
  <testcase classname="com.actitime.testscript.ProjectModule" name="createProject" time="0.005"/>
  <testcase classname="com.actitime.testscript.TaskModule" name="createTask" time="0.01"/>
  <testcase classname="com.actitime.testscript.TaskModule" name="deleteTask" time="0.0">
    <ignored/>
  </testcase> <!-- deleteTask -->
  <testcase classname="com.actitime.testscript.ProjectModule" name="deleteProject" time="0.0">
    <ignored/>
  </testcase> <!-- deleteProject -->
  <testcase classname="com.actitime.testscript.CustomerModule" name="deleteCustomer" time="0.0">
    <ignored/>
  </testcase> <!-- deleteCustomer -->
</testsuite> <!-- Test -->
