<?xml version="1.0" encoding="UTF-8"?>
<testng-results ignored="0" total="1" passed="1" failed="0" skipped="0">
  <reporter-output>
  </reporter-output>
  <suite started-at="2023-03-24T00:51:49 IST" name="Default suite" finished-at="2023-03-24T00:52:07 IST" duration-ms="18127">
    <groups>
    </groups>
    <test started-at="2023-03-24T00:51:49 IST" name="Default test" finished-at="2023-03-24T00:52:07 IST" duration-ms="18127">
      <class name="com.actitime.generic.PomLoginMainMethod23">
        <test-method signature="validLogin()[pri:0, instance:com.actitime.generic.PomLoginMainMethod23@69b2283a]" started-at="2023-03-24T00:51:49 IST" name="validLogin" finished-at="2023-03-24T00:52:07 IST" duration-ms="18054" status="PASS">
          <reporter-output>
          </reporter-output>
        </test-method> <!-- validLogin -->
      </class> <!-- com.actitime.generic.PomLoginMainMethod23 -->
    </test> <!-- Default test -->
  </suite> <!-- Default suite -->
</testng-results>
